Using pre-set license
Built from '2020.2/release' branch; Version is '2020.2.2f1 (068178b99f32) revision 426360'; Using compiler version '192528614'; Build Type 'Release'
OS: 'Windows 10 Pro; OS build 19043.1165; Version 2009; 64bit' Language: 'en' Physical Memory: 32726 MB
BatchMode: 1, IsHumanControllingUs: 0, StartBugReporterOnCrash: 0, Is64bit: 1, IsPro: 0

 COMMAND LINE ARGUMENTS:
C:\Program Files\Unity\Hub\Editor\2020.2.2f1\Editor\Unity.exe
-adb2
-batchMode
-noUpm
-name
AssetImportWorker0
-projectPath
D:/TAFE Projects/Shaders 2021.2
-logFile
Logs/AssetImportWorker0.log
-srvPort
52686
Successfully changed project path to: D:/TAFE Projects/Shaders 2021.2
D:/TAFE Projects/Shaders 2021.2
Using Asset Import Pipeline V2.
Refreshing native plugins compatible for Editor in 31.99 ms, found 0 plugins.
Preloading 0 native plugins for Editor in 0.00 ms.
Initialize engine version: 2020.2.2f1 (068178b99f32)
[Subsystems] Discovering subsystems at path C:/Program Files/Unity/Hub/Editor/2020.2.2f1/Editor/Data/Resources/UnitySubsystems
[Subsystems] Discovering subsystems at path D:/TAFE Projects/Shaders 2021.2/Assets
GfxDevice: creating device client; threaded=0
Direct3D:
    Version:  Direct3D 11.0 [level 11.1]
    Renderer: NVIDIA GeForce GTX 1070 (ID=0x1b81)
    Vendor:   
    VRAM:     8088 MB
    Driver:   27.21.14.5671
Initialize mono
Mono path[0] = 'C:/Program Files/Unity/Hub/Editor/2020.2.2f1/Editor/Data/Managed'
Mono path[1] = 'C:/Program Files/Unity/Hub/Editor/2020.2.2f1/Editor/Data/MonoBleedingEdge/lib/mono/unityjit'
Mono config path = 'C:/Program Files/Unity/Hub/Editor/2020.2.2f1/Editor/Data/MonoBleedingEdge/etc'
Using monoOptions --debugger-agent=transport=dt_socket,embedding=1,server=y,suspend=n,address=127.0.0.1:56232
Begin MonoManager ReloadAssembly
Registering precompiled unity dll's ...
Register platform support module: C:/Program Files/Unity/Hub/Editor/2020.2.2f1/Editor/Data/PlaybackEngines/WindowsStandaloneSupport/UnityEditor.WindowsStandalone.Extensions.dll
Registered in 0.002503 seconds.
Native extension for WindowsStandalone target not found
Refreshing native plugins compatible for Editor in 29.34 ms, found 0 plugins.
Preloading 0 native plugins for Editor in 0.00 ms.
Invoked RoslynAnalysisRunner static constructor.
RoslynAnalysisRunner will not be running.
RoslynAnalysisRunner has terminated.
Mono: successfully reloaded assembly
- Completed reload, in  1.433 seconds
Platform modules already initialized, skipping
Registering precompiled user dll's ...
Registered in 0.001390 seconds.
Begin MonoManager ReloadAssembly
Native extension for WindowsStandalone target not found
Refreshing native plugins compatible for Editor in 0.57 ms, found 0 plugins.
Preloading 0 native plugins for Editor in 0.00 ms.
Invoked RoslynAnalysisRunner static constructor.
RoslynAnalysisRunner will not be running.
RoslynAnalysisRunner has terminated.
Mono: successfully reloaded assembly
- Completed reload, in  0.975 seconds
Platform modules already initialized, skipping
========================================================================
Worker process is ready to serve import requests
Launched and connected shader compiler UnityShaderCompiler.exe after 0.05 seconds
Refreshing native plugins compatible for Editor in 0.20 ms, found 0 plugins.
Preloading 0 native plugins for Editor in 0.00 ms.
Unloading 1101 Unused Serialized files (Serialized files now loaded: 0)
System memory in use before: 56.8 MB.
System memory in use after: 56.9 MB.

Unloading 10 unused Assets to reduce memory usage. Loaded Objects now: 1542.
Total: 1.801400 ms (FindLiveObjects: 0.137000 ms CreateObjectMapping: 0.037800 ms MarkObjects: 1.538100 ms  DeleteObjects: 0.087000 ms)

========================================================================
Received Import Request.
  path: Assets/New Material.mat
  artifactKey: Guid(066fd07ef67b51d43b52599033410bbe) Importer(815301076,1909f56bfc062723c751e8b465ee728b)
Start importing Assets/New Material.mat using Guid(066fd07ef67b51d43b52599033410bbe) Importer(815301076,1909f56bfc062723c751e8b465ee728b)  -> (artifact id: 'e6e3907d1002d87be1485e343bc3ded9') in 0.139341 seconds
  Import took 0.141560 seconds .

========================================================================
Received Import Request.
  Time since last request: 692.956981 seconds.
  path: Assets/TestShader.shader
  artifactKey: Guid(ba7d9db8d9d2ab94b91b9af5b52390bc) Importer(815301076,1909f56bfc062723c751e8b465ee728b)
Start importing Assets/TestShader.shader using Guid(ba7d9db8d9d2ab94b91b9af5b52390bc) Importer(815301076,1909f56bfc062723c751e8b465ee728b)  -> (artifact id: '6d5d120cd2f412fc94b792d163fc2b3b') in 0.012240 seconds
  Import took 0.015199 seconds .

========================================================================
Received Import Request.
  Time since last request: 0.158176 seconds.
  path: Assets/TestShader.shader
  artifactKey: Guid(ba7d9db8d9d2ab94b91b9af5b52390bc) Importer(815301076,1909f56bfc062723c751e8b465ee728b)
Start importing Assets/TestShader.shader using Guid(ba7d9db8d9d2ab94b91b9af5b52390bc) Importer(815301076,1909f56bfc062723c751e8b465ee728b)  -> (artifact id: '6d5d120cd2f412fc94b792d163fc2b3b') in 0.003090 seconds
  Import took 0.006057 seconds .

========================================================================
Received Import Request.
  Time since last request: 357.495471 seconds.
  path: Assets/TestShader.shader
  artifactKey: Guid(ba7d9db8d9d2ab94b91b9af5b52390bc) Importer(815301076,1909f56bfc062723c751e8b465ee728b)
Start importing Assets/TestShader.shader using Guid(ba7d9db8d9d2ab94b91b9af5b52390bc) Importer(815301076,1909f56bfc062723c751e8b465ee728b)  -> (artifact id: 'a98ff76b32732b3eb01d535ef48d40bc') in 0.106629 seconds
  Import took 0.123693 seconds .

========================================================================
Received Import Request.
  Time since last request: 1251.307845 seconds.
  path: Assets/New Material.mat
  artifactKey: Guid(066fd07ef67b51d43b52599033410bbe) Importer(815301076,1909f56bfc062723c751e8b465ee728b)
Start importing Assets/New Material.mat using Guid(066fd07ef67b51d43b52599033410bbe) Importer(815301076,1909f56bfc062723c751e8b465ee728b)  -> (artifact id: '0a3439aea6e43444258f0b2af3db20a3') in 0.032576 seconds
  Import took 0.036043 seconds .

========================================================================
Received Import Request.
  Time since last request: 898.554775 seconds.
  path: Assets/New Material.mat
  artifactKey: Guid(066fd07ef67b51d43b52599033410bbe) Importer(815301076,1909f56bfc062723c751e8b465ee728b)
Start importing Assets/New Material.mat using Guid(066fd07ef67b51d43b52599033410bbe) Importer(815301076,1909f56bfc062723c751e8b465ee728b)  -> (artifact id: '250c954a22204b222114c791b5b41512') in 0.035359 seconds
  Import took 0.039385 seconds .

========================================================================
Received Import Request.
  Time since last request: 723.557977 seconds.
  path: Assets/TestShader.shader
  artifactKey: Guid(ba7d9db8d9d2ab94b91b9af5b52390bc) Importer(815301076,1909f56bfc062723c751e8b465ee728b)
Start importing Assets/TestShader.shader using Guid(ba7d9db8d9d2ab94b91b9af5b52390bc) Importer(815301076,1909f56bfc062723c751e8b465ee728b)  -> (artifact id: 'd970b3e4fd5e878e960aee48f373c387') in 0.013320 seconds
  Import took 0.016272 seconds .

========================================================================
Received Import Request.
  Time since last request: 144.062281 seconds.
  path: Assets/TestShader.shader
  artifactKey: Guid(ba7d9db8d9d2ab94b91b9af5b52390bc) Importer(815301076,1909f56bfc062723c751e8b465ee728b)
Start importing Assets/TestShader.shader using Guid(ba7d9db8d9d2ab94b91b9af5b52390bc) Importer(815301076,1909f56bfc062723c751e8b465ee728b)  -> (artifact id: '53cf46d50e293b5585b4572dd6d42075') in 0.009180 seconds
  Import took 0.012457 seconds .

========================================================================
Received Import Request.
  Time since last request: 129.935987 seconds.
  path: Assets/TestShader.shader
  artifactKey: Guid(ba7d9db8d9d2ab94b91b9af5b52390bc) Importer(815301076,1909f56bfc062723c751e8b465ee728b)
Start importing Assets/TestShader.shader using Guid(ba7d9db8d9d2ab94b91b9af5b52390bc) Importer(815301076,1909f56bfc062723c751e8b465ee728b)  -> (artifact id: 'be132d88a31dc9edcab294464e7d6ce6') in 0.014638 seconds
  Import took 0.020277 seconds .

========================================================================
Received Import Request.
  Time since last request: 19.105662 seconds.
  path: Assets/TestShader.shader
  artifactKey: Guid(ba7d9db8d9d2ab94b91b9af5b52390bc) Importer(815301076,1909f56bfc062723c751e8b465ee728b)
Start importing Assets/TestShader.shader using Guid(ba7d9db8d9d2ab94b91b9af5b52390bc) Importer(815301076,1909f56bfc062723c751e8b465ee728b)  -> (artifact id: 'ded0f5ece2e2ef43a0454a0f9d03a6b2') in 0.004192 seconds
  Import took 0.018064 seconds .

========================================================================
Received Import Request.
  Time since last request: 116.406365 seconds.
  path: Assets/TestShader.shader
  artifactKey: Guid(ba7d9db8d9d2ab94b91b9af5b52390bc) Importer(815301076,1909f56bfc062723c751e8b465ee728b)
Start importing Assets/TestShader.shader using Guid(ba7d9db8d9d2ab94b91b9af5b52390bc) Importer(815301076,1909f56bfc062723c751e8b465ee728b)  -> (artifact id: '6c2452b59d9df64d2dda81f05df96b58') in 0.013262 seconds
  Import took 0.018821 seconds .

========================================================================
Received Import Request.
  Time since last request: 155.237204 seconds.
  path: Assets/TestShader.shader
  artifactKey: Guid(ba7d9db8d9d2ab94b91b9af5b52390bc) Importer(815301076,1909f56bfc062723c751e8b465ee728b)
Start importing Assets/TestShader.shader using Guid(ba7d9db8d9d2ab94b91b9af5b52390bc) Importer(815301076,1909f56bfc062723c751e8b465ee728b)  -> (artifact id: 'bf9ac21ae517f098f1ee86cee89a32a0') in 0.007997 seconds
  Import took 0.010429 seconds .

========================================================================
Received Import Request.
  Time since last request: 260.756070 seconds.
  path: Assets/New Material.mat
  artifactKey: Guid(066fd07ef67b51d43b52599033410bbe) Importer(815301076,1909f56bfc062723c751e8b465ee728b)
Start importing Assets/New Material.mat using Guid(066fd07ef67b51d43b52599033410bbe) Importer(815301076,1909f56bfc062723c751e8b465ee728b)  -> (artifact id: '8ef83c1fe994ca7d3fc2de2ec86e8a47') in 0.026185 seconds
  Import took 0.029464 seconds .

